<?xml version="1.0" encoding="UTF-8"?>
<!-- Generated by org.testng.reporters.JUnitXMLReporter -->
<testsuite ignored="6" hostname="Mohammad-Aqel" failures="0" tests="1" name="Default test" time="28.134" errors="0" timestamp="2024-01-29T17:09:20 EET">
  <testcase classname="Almosafer_Project.MyTestCases" name="CheckTheDateOfTheWebsite" time="1.981"/>
  <testcase classname="Almosafer_Project.MyTestCases" name="CheckTheNumberofPhone" time="0.0">
    <ignored/>
  </testcase> <!-- CheckTheNumberofPhone -->
  <testcase classname="Almosafer_Project.MyTestCases" name="CheckTheLanguage" time="0.0">
    <ignored/>
  </testcase> <!-- CheckTheLanguage -->
  <testcase classname="Almosafer_Project.MyTestCases" name="CheckHotelTapIsNotSelected" time="0.0">
    <ignored/>
  </testcase> <!-- CheckHotelTapIsNotSelected -->
  <testcase classname="Almosafer_Project.MyTestCases" name="ChangeTheLangugeOfTheWebsite" time="0.0">
    <ignored/>
  </testcase> <!-- ChangeTheLangugeOfTheWebsite -->
  <testcase classname="Almosafer_Project.MyTestCases" name="CheckQitafLogo" time="0.0">
    <ignored/>
  </testcase> <!-- CheckQitafLogo -->
  <testcase classname="Almosafer_Project.MyTestCases" name="CheckTheCaruncy" time="0.0">
    <ignored/>
  </testcase> <!-- CheckTheCaruncy -->
</testsuite> <!-- Default test -->
