<?xml version="1.0" encoding="UTF-8"?>
<!-- Generated by org.testng.reporters.JUnitXMLReporter -->
<testsuite ignored="7" hostname="Mohammad-Aqel" failures="0" tests="1" name="Default test" time="59.307" errors="0" timestamp="2024-02-03T10:19:00 EET">
  <testcase classname="Almosafer_Project.MyTestCases" name="HotelTabSwitch" time="47.368"/>
  <testcase classname="Almosafer_Project.MyTestCases" name="CheckTheNumberofPhone" time="0.0">
    <ignored/>
  </testcase> <!-- CheckTheNumberofPhone -->
  <testcase classname="Almosafer_Project.MyTestCases" name="CheckTheLanguage" time="0.0">
    <ignored/>
  </testcase> <!-- CheckTheLanguage -->
  <testcase classname="Almosafer_Project.MyTestCases" name="CheckHotelTapIsNotSelected" time="0.0">
    <ignored/>
  </testcase> <!-- CheckHotelTapIsNotSelected -->
  <testcase classname="Almosafer_Project.MyTestCases" name="ChangeTheLangugeOfTheWebsite" time="0.0">
    <ignored/>
  </testcase> <!-- ChangeTheLangugeOfTheWebsite -->
  <testcase classname="Almosafer_Project.MyTestCases" name="CheckTheDateOfTheWebsite" time="0.0">
    <ignored/>
  </testcase> <!-- CheckTheDateOfTheWebsite -->
  <testcase classname="Almosafer_Project.MyTestCases" name="CheckTheCaruncy" time="0.0">
    <ignored/>
  </testcase> <!-- CheckTheCaruncy -->
  <testcase classname="Almosafer_Project.MyTestCases" name="CheckQitafLogo" time="0.0">
    <ignored/>
  </testcase> <!-- CheckQitafLogo -->
</testsuite> <!-- Default test -->
