<?xml version="1.0" encoding="UTF-8"?>
<testng-results ignored="7" total="8" passed="1" failed="0" skipped="0">
  <reporter-output>
  </reporter-output>
  <suite started-at="2024-02-03T10:18:00 EET" name="Default suite" finished-at="2024-02-03T10:19:00 EET" duration-ms="59307">
    <groups>
    </groups>
    <test started-at="2024-02-03T10:18:00 EET" name="Default test" finished-at="2024-02-03T10:19:00 EET" duration-ms="59307">
      <class name="Almosafer_Project.MyTestCases">
        <test-method is-config="true" signature="MyBeforeTest()[pri:0, instance:Almosafer_Project.MyTestCases@5ea502e0]" started-at="2024-02-03T10:18:00 EET" name="MyBeforeTest" finished-at="2024-02-03T10:18:12 EET" duration-ms="11882" status="PASS">
          <reporter-output>
          </reporter-output>
        </test-method> <!-- MyBeforeTest -->
        <test-method signature="HotelTabSwitch()[pri:0, instance:Almosafer_Project.MyTestCases@5ea502e0]" started-at="2024-02-03T10:18:12 EET" name="HotelTabSwitch" finished-at="2024-02-03T10:19:00 EET" duration-ms="47368" status="PASS">
          <reporter-output>
          </reporter-output>
        </test-method> <!-- HotelTabSwitch -->
        <test-method is-config="true" signature="MyAfterTest()[pri:0, instance:Almosafer_Project.MyTestCases@5ea502e0]" started-at="2024-02-03T10:19:00 EET" name="MyAfterTest" finished-at="2024-02-03T10:19:00 EET" duration-ms="0" status="PASS">
          <reporter-output>
          </reporter-output>
        </test-method> <!-- MyAfterTest -->
      </class> <!-- Almosafer_Project.MyTestCases -->
    </test> <!-- Default test -->
  </suite> <!-- Default suite -->
</testng-results>
